<?xml version="1.0" encoding="UTF-8"?>
<testsuite xmlns:xsi="http://www.w3.org/2001/XMLSchema-instance" xsi:noNamespaceSchemaLocation="https://maven.apache.org/surefire/maven-surefire-plugin/xsd/surefire-test-report.xsd" name="ComputerTest" time="0.009" tests="5" errors="0" skipped="0" failures="0">
  <properties>
[...]
</properties>
  <testcase name="ComputerSetHZTest" classname="com.company.ComputerTest" time="0.001"/>
  <testcase name="ComputerSetMemTest" classname="com.company.ComputerTest" time="0.001"/>
  <testcase name="ComputerSetRamTest" classname="com.company.ComputerTest" time="0"/>
  <testcase name="ComputerSetCpusTest" classname="com.company.ComputerTest" time="0"/>
  <testcase name="ComputerSetNameTest" classname="com.company.ComputerTest" time="0"/>
</testsuite>